<?xml version="1.0" encoding="UTF-8"?>
<testsuite xmlns:xsi="http://www.w3.org/2001/XMLSchema-instance" xsi:noNamespaceSchemaLocation="https://maven.apache.org/surefire/maven-surefire-plugin/xsd/surefire-test-report-3.0.xsd" version="3.0" name="TestSuite" time="0.972" tests="15" errors="0" skipped="0" failures="0">
  <properties>
    <property name="java.specification.version" value="21"/>
    <property name="sun.cpu.isalist" value="amd64"/>
    <property name="sun.jnu.encoding" value="Cp1252"/>
    <property name="java.class.path" value="C:\Users\subhn\eclipse-workspace\attendance-management-system\target\test-classes;C:\Users\subhn\eclipse-workspace\attendance-management-system\target\classes;C:\Users\subhn\.m2\repository\org\testng\testng\7.8.0\testng-7.8.0.jar;C:\Users\subhn\.m2\repository\org\slf4j\slf4j-api\1.7.36\slf4j-api-1.7.36.jar;C:\Users\subhn\.m2\repository\com\beust\jcommander\1.82\jcommander-1.82.jar;C:\Users\subhn\.m2\repository\org\webjars\jquery\3.6.1\jquery-3.6.1.jar;C:\Users\subhn\.m2\repository\org\apache\commons\commons-lang3\3.13.0\commons-lang3-3.13.0.jar;"/>
    <property name="java.vm.vendor" value="Oracle Corporation"/>
    <property name="sun.arch.data.model" value="64"/>
    <property name="user.variant" value=""/>
    <property name="java.vendor.url" value="https://java.oracle.com/"/>
    <property name="user.timezone" value="Asia/Calcutta"/>
    <property name="os.name" value="Windows 11"/>
    <property name="java.vm.specification.version" value="21"/>
    <property name="sun.java.launcher" value="SUN_STANDARD"/>
    <property name="user.country" value="US"/>
    <property name="sun.boot.library.path" value="C:\Program Files\Java\jdk-21\bin"/>
    <property name="sun.java.command" value="C:\Users\subhn\AppData\Local\Temp\surefire16659990093148621825\surefirebooter-20251006221225135_3.jar C:\Users\subhn\AppData\Local\Temp\surefire16659990093148621825 2025-10-06T22-12-24_644-jvmRun1 surefire-20251006221225135_1tmp surefire_0-20251006221225135_2tmp"/>
    <property name="jdk.debug" value="release"/>
    <property name="surefire.test.class.path" value="C:\Users\subhn\eclipse-workspace\attendance-management-system\target\test-classes;C:\Users\subhn\eclipse-workspace\attendance-management-system\target\classes;C:\Users\subhn\.m2\repository\org\testng\testng\7.8.0\testng-7.8.0.jar;C:\Users\subhn\.m2\repository\org\slf4j\slf4j-api\1.7.36\slf4j-api-1.7.36.jar;C:\Users\subhn\.m2\repository\com\beust\jcommander\1.82\jcommander-1.82.jar;C:\Users\subhn\.m2\repository\org\webjars\jquery\3.6.1\jquery-3.6.1.jar;C:\Users\subhn\.m2\repository\org\apache\commons\commons-lang3\3.13.0\commons-lang3-3.13.0.jar;"/>
    <property name="sun.cpu.endian" value="little"/>
    <property name="user.home" value="C:\Users\subhn"/>
    <property name="user.language" value="en"/>
    <property name="java.specification.vendor" value="Oracle Corporation"/>
    <property name="java.version.date" value="2025-01-21"/>
    <property name="java.home" value="C:\Program Files\Java\jdk-21"/>
    <property name="file.separator" value="\"/>
    <property name="basedir" value="C:\Users\subhn\eclipse-workspace\attendance-management-system"/>
    <property name="java.vm.compressedOopsMode" value="Zero based"/>
    <property name="line.separator" value="&#10;"/>
    <property name="java.vm.specification.vendor" value="Oracle Corporation"/>
    <property name="java.specification.name" value="Java Platform API Specification"/>
    <property name="surefire.real.class.path" value="C:\Users\subhn\AppData\Local\Temp\surefire16659990093148621825\surefirebooter-20251006221225135_3.jar"/>
    <property name="user.script" value=""/>
    <property name="sun.management.compiler" value="HotSpot 64-Bit Tiered Compilers"/>
    <property name="java.runtime.version" value="21.0.6+8-LTS-188"/>
    <property name="user.name" value="subhn"/>
    <property name="stdout.encoding" value="Cp1252"/>
    <property name="path.separator" value=";"/>
    <property name="os.version" value="10.0"/>
    <property name="java.runtime.name" value="Java(TM) SE Runtime Environment"/>
    <property name="file.encoding" value="UTF-8"/>
    <property name="java.vm.name" value="Java HotSpot(TM) 64-Bit Server VM"/>
    <property name="localRepository" value="C:\Users\subhn\.m2\repository"/>
    <property name="java.vendor.url.bug" value="https://bugreport.java.com/bugreport/"/>
    <property name="java.io.tmpdir" value="C:\Users\subhn\AppData\Local\Temp\"/>
    <property name="java.version" value="21.0.6"/>
    <property name="user.dir" value="C:\Users\subhn\eclipse-workspace\attendance-management-system"/>
    <property name="os.arch" value="amd64"/>
    <property name="java.vm.specification.name" value="Java Virtual Machine Specification"/>
    <property name="sun.os.patch.level" value=""/>
    <property name="native.encoding" value="Cp1252"/>
    <property name="java.library.path" value="C:\Program Files\Java\jdk-21\bin;C:\Windows\Sun\Java\bin;C:\Windows\system32;C:\Windows;C:\Program Files\Python313\Scripts\;C:\Program Files\Python313\;C:\Program Files\Common Files\Oracle\Java\javapath;C:\Windows\system32;C:\Windows;C:\Windows\System32\Wbem;C:\Windows\System32\WindowsPowerShell\v1.0\;C:\Windows\System32\OpenSSH\;C:\Program Files\Java\jdk-21\bin;C:\Program Files\Git\cmd;C:\Program Files\MongoDB\Server\8.0\bin;C:\Users\subhn\Downloads\apache-maven-3.8.9-bin\apache-maven-3.8.9\bin;C:\Users\subhn\AppData\Local\Programs\Python\Launcher\;C:\Users\subhn\AppData\Local\Microsoft\WindowsApps;C:\Users\subhn\AppData\Local\Programs\Microsoft VS Code\bin;."/>
    <property name="java.vm.info" value="mixed mode, sharing"/>
    <property name="stderr.encoding" value="Cp1252"/>
    <property name="java.vendor" value="Oracle Corporation"/>
    <property name="java.vm.version" value="21.0.6+8-LTS-188"/>
    <property name="sun.io.unicode.encoding" value="UnicodeLittle"/>
    <property name="java.class.version" value="65.0"/>
  </properties>
  <testcase name="testGenerateAttendanceReport_and_monthlyHours" classname="com.company.attendance.repository.EmployeeRepositoryTest" time="0.01">
    <system-err><![CDATA[SLF4J: Failed to load class "org.slf4j.impl.StaticLoggerBinder".
SLF4J: Defaulting to no-operation (NOP) logger implementation
SLF4J: See http://www.slf4j.org/codes.html#StaticLoggerBinder for further details.
]]></system-err>
  </testcase>
  <testcase name="testClockInSuccess[1](1)" classname="com.company.attendance.service.AttendanceServiceTest" time="0.007"/>
  <testcase name="testClockInSuccess[2](2)" classname="com.company.attendance.service.AttendanceServiceTest" time="0"/>
  <testcase name="testClockInSuccess[10](3)" classname="com.company.attendance.service.AttendanceServiceTest" time="0.001"/>
  <testcase name="testDuplicateClockInThrows" classname="com.company.attendance.service.AttendanceServiceTest" time="0.002"/>
  <testcase name="testClockOutWithoutClockInThrows" classname="com.company.attendance.service.AttendanceServiceTest" time="0.001"/>
  <testcase name="testClockOutSuccess_calculatesHours" classname="com.company.attendance.service.AttendanceServiceTest" time="0.06"/>
  <testcase name="testPreventDuplicateClockInsSameDay" classname="com.company.attendance.service.AttendanceServiceTest" time="0"/>
  <testcase name="testAddEmployeeSuccess" classname="com.company.attendance.service.EmployeeServiceTest" time="0.002"/>
  <testcase name="testAddDuplicateEmployeeThrows" classname="com.company.attendance.service.EmployeeServiceTest" time="0"/>
  <testcase name="testGetAllEmployees" classname="com.company.attendance.service.EmployeeServiceTest" time="0"/>
  <testcase name="testApplyForLeave_success" classname="com.company.attendance.service.LeaveServiceTest" time="0.002"/>
  <testcase name="testApproveLeave_changesStatus" classname="com.company.attendance.service.LeaveServiceTest" time="0"/>
  <testcase name="testApplyForLeave_invalidDateRange" classname="com.company.attendance.service.LeaveServiceTest" time="0.001"/>
  <testcase name="testRejectLeave_changesStatus" classname="com.company.attendance.service.LeaveServiceTest" time="0.001"/>
</testsuite>