<?xml version="1.0" encoding="UTF-8"?>
<!-- Generated by org.testng.reporters.JUnitReportReporter -->
<testsuite hostname="subhashree" failures="0" tests="4" name="com.company.attendance.service.LeaveServiceTest" time="0.004" errors="0" timestamp="2025-10-06T22:12:26 IST" skipped="0">
  <testcase classname="com.company.attendance.service.LeaveServiceTest" name="testApplyForLeave_success" time="0.003"/>
  <testcase classname="com.company.attendance.service.LeaveServiceTest" name="testApproveLeave_changesStatus" time="0.001"/>
  <testcase classname="com.company.attendance.service.LeaveServiceTest" name="testApplyForLeave_invalidDateRange" time="0.000"/>
  <testcase classname="com.company.attendance.service.LeaveServiceTest" name="testRejectLeave_changesStatus" time="0.000"/>
</testsuite> <!-- com.company.attendance.service.LeaveServiceTest -->
