<?xml version="1.0" encoding="UTF-8"?>
<!-- Generated by org.testng.reporters.JUnitReportReporter -->
<testsuite hostname="subhashree" failures="0" tests="7" name="com.company.attendance.service.AttendanceServiceTest" time="0.074" errors="0" timestamp="2025-10-06T22:12:26 IST" skipped="0">
  <testcase classname="com.company.attendance.service.AttendanceServiceTest" name="testClockInSuccess" time="0.002"/>
  <testcase classname="com.company.attendance.service.AttendanceServiceTest" name="testClockInSuccess" time="0.000"/>
  <testcase classname="com.company.attendance.service.AttendanceServiceTest" name="testClockInSuccess" time="0.007"/>
  <testcase classname="com.company.attendance.service.AttendanceServiceTest" name="testDuplicateClockInThrows" time="0.003"/>
  <testcase classname="com.company.attendance.service.AttendanceServiceTest" name="testClockOutWithoutClockInThrows" time="0.001"/>
  <testcase classname="com.company.attendance.service.AttendanceServiceTest" name="testClockOutSuccess_calculatesHours" time="0.060"/>
  <testcase classname="com.company.attendance.service.AttendanceServiceTest" name="testPreventDuplicateClockInsSameDay" time="0.001"/>
</testsuite> <!-- com.company.attendance.service.AttendanceServiceTest -->
