<?xml version="1.0" encoding="UTF-8"?>
<!-- Generated by org.testng.reporters.JUnitReportReporter -->
<testsuite hostname="subhashree" failures="0" tests="3" name="com.company.attendance.service.EmployeeServiceTest" time="0.005" errors="0" timestamp="2025-10-06T22:12:26 IST" skipped="0">
  <testcase classname="com.company.attendance.service.EmployeeServiceTest" name="testAddEmployeeSuccess" time="0.001"/>
  <testcase classname="com.company.attendance.service.EmployeeServiceTest" name="testAddDuplicateEmployeeThrows" time="0.002"/>
  <testcase classname="com.company.attendance.service.EmployeeServiceTest" name="testGetAllEmployees" time="0.002"/>
</testsuite> <!-- com.company.attendance.service.EmployeeServiceTest -->
