<?xml version="1.0" encoding="UTF-8"?>
<!-- Generated by org.testng.reporters.JUnitReportReporter -->
<testsuite hostname="subhashree" failures="0" tests="1" name="com.company.attendance.repository.EmployeeRepositoryTest" time="0.010" errors="0" timestamp="2025-10-06T22:12:26 IST" skipped="0">
  <testcase classname="com.company.attendance.repository.EmployeeRepositoryTest" name="testGenerateAttendanceReport_and_monthlyHours" time="0.010"/>
</testsuite> <!-- com.company.attendance.repository.EmployeeRepositoryTest -->
